2015-09-20 18:09:56,297 [Worker-6] INFO  o.e.m.c.i.l.LifecycleMappingFactory - Using org.maven.ide.eclipse.wtp.WarLifecycleMapping lifecycle mapping for MavenProject: com.mtc.app:RESTFullProj:1.0-SNAPSHOT @ C:\Users\Sainath Reddy\Desktop\Java Training\code\RESTFullProject\pom.xml.
2015-09-20 18:09:56,854 [Worker-6] INFO  o.e.m.c.i.e.AbstractTransferListenerAdapter - Downloading http://repo.maven.apache.org/maven2/com/fasterxml/jackson/core/jackson-core/2.2.2/jackson-core-2.2.2.pom
2015-09-20 18:09:57,003 [Worker-6] INFO  o.e.m.c.i.e.AbstractTransferListenerAdapter - Downloaded http://repo.maven.apache.org/maven2/com/fasterxml/jackson/core/jackson-core/2.2.2/jackson-core-2.2.2.pom
2015-09-20 18:09:57,077 [Worker-6] INFO  o.e.m.c.i.e.AbstractTransferListenerAdapter - Downloading http://repo.maven.apache.org/maven2/com/fasterxml/oss-parent/10/oss-parent-10.pom
2015-09-20 18:09:57,328 [Worker-6] INFO  o.e.m.c.i.e.AbstractTransferListenerAdapter - Downloaded http://repo.maven.apache.org/maven2/com/fasterxml/oss-parent/10/oss-parent-10.pom
2015-09-20 18:09:57,424 [Worker-6] INFO  o.e.m.c.i.e.AbstractTransferListenerAdapter - Downloading http://repo.maven.apache.org/maven2/com/fasterxml/jackson/core/jackson-databind/2.2.2/jackson-databind-2.2.2.pom
2015-09-20 18:09:57,918 [Worker-6] INFO  o.e.m.c.i.e.AbstractTransferListenerAdapter - Downloaded http://repo.maven.apache.org/maven2/com/fasterxml/jackson/core/jackson-databind/2.2.2/jackson-databind-2.2.2.pom
2015-09-20 18:09:58,003 [Worker-6] INFO  o.e.m.c.i.e.AbstractTransferListenerAdapter - Downloading http://repo.maven.apache.org/maven2/com/fasterxml/jackson/core/jackson-annotations/2.2.2/jackson-annotations-2.2.2.pom
2015-09-20 18:09:58,126 [Worker-6] INFO  o.e.m.c.i.e.AbstractTransferListenerAdapter - Downloaded http://repo.maven.apache.org/maven2/com/fasterxml/jackson/core/jackson-annotations/2.2.2/jackson-annotations-2.2.2.pom
2015-09-20 18:09:58,312 [Worker-6] INFO  o.e.m.c.i.e.AbstractTransferListenerAdapter - Downloading http://repo.maven.apache.org/maven2/com/fasterxml/jackson/jaxrs/jackson-jaxrs-json-provider/2.2.2/jackson-jaxrs-json-provider-2.2.2.pom
2015-09-20 18:09:58,580 [Worker-6] INFO  o.e.m.c.i.e.AbstractTransferListenerAdapter - Downloaded http://repo.maven.apache.org/maven2/com/fasterxml/jackson/jaxrs/jackson-jaxrs-json-provider/2.2.2/jackson-jaxrs-json-provider-2.2.2.pom
2015-09-20 18:09:58,661 [Worker-6] INFO  o.e.m.c.i.e.AbstractTransferListenerAdapter - Downloading http://repo.maven.apache.org/maven2/com/fasterxml/jackson/jaxrs/jackson-jaxrs-providers/2.2.2/jackson-jaxrs-providers-2.2.2.pom
2015-09-20 18:09:58,825 [Worker-6] INFO  o.e.m.c.i.e.AbstractTransferListenerAdapter - Downloaded http://repo.maven.apache.org/maven2/com/fasterxml/jackson/jaxrs/jackson-jaxrs-providers/2.2.2/jackson-jaxrs-providers-2.2.2.pom
2015-09-20 18:09:58,916 [Worker-6] INFO  o.e.m.c.i.e.AbstractTransferListenerAdapter - Downloading http://repo.maven.apache.org/maven2/com/fasterxml/jackson/jaxrs/jackson-jaxrs-base/2.2.2/jackson-jaxrs-base-2.2.2.pom
2015-09-20 18:09:59,054 [Worker-6] INFO  o.e.m.c.i.e.AbstractTransferListenerAdapter - Downloaded http://repo.maven.apache.org/maven2/com/fasterxml/jackson/jaxrs/jackson-jaxrs-base/2.2.2/jackson-jaxrs-base-2.2.2.pom
2015-09-20 18:09:59,147 [Worker-6] INFO  o.e.m.c.i.e.AbstractTransferListenerAdapter - Downloading http://repo.maven.apache.org/maven2/com/fasterxml/jackson/module/jackson-module-jaxb-annotations/2.2.2/jackson-module-jaxb-annotations-2.2.2.pom
2015-09-20 18:09:59,408 [Worker-6] INFO  o.e.m.c.i.e.AbstractTransferListenerAdapter - Downloaded http://repo.maven.apache.org/maven2/com/fasterxml/jackson/module/jackson-module-jaxb-annotations/2.2.2/jackson-module-jaxb-annotations-2.2.2.pom
2015-09-20 18:09:59,649 [Worker-6] INFO  o.e.m.c.i.e.AbstractTransferListenerAdapter - Downloading http://repo.maven.apache.org/maven2/com/fasterxml/jackson/core/jackson-core/2.2.2/jackson-core-2.2.2.jar
2015-09-20 18:10:00,534 [Worker-6] INFO  o.e.m.c.i.e.AbstractTransferListenerAdapter - Downloaded http://repo.maven.apache.org/maven2/com/fasterxml/jackson/core/jackson-core/2.2.2/jackson-core-2.2.2.jar
2015-09-20 18:10:00,591 [Worker-6] INFO  o.e.m.c.i.e.AbstractTransferListenerAdapter - Downloading http://repo.maven.apache.org/maven2/com/fasterxml/jackson/core/jackson-databind/2.2.2/jackson-databind-2.2.2.jar
2015-09-20 18:10:02,873 [Worker-6] INFO  o.e.m.c.i.e.AbstractTransferListenerAdapter - Downloaded http://repo.maven.apache.org/maven2/com/fasterxml/jackson/core/jackson-databind/2.2.2/jackson-databind-2.2.2.jar
2015-09-20 18:10:02,935 [Worker-6] INFO  o.e.m.c.i.e.AbstractTransferListenerAdapter - Downloading http://repo.maven.apache.org/maven2/com/fasterxml/jackson/core/jackson-annotations/2.2.2/jackson-annotations-2.2.2.jar
2015-09-20 18:10:03,505 [Worker-6] INFO  o.e.m.c.i.e.AbstractTransferListenerAdapter - Downloaded http://repo.maven.apache.org/maven2/com/fasterxml/jackson/core/jackson-annotations/2.2.2/jackson-annotations-2.2.2.jar
2015-09-20 18:10:03,571 [Worker-6] INFO  o.e.m.c.i.e.AbstractTransferListenerAdapter - Downloading http://repo.maven.apache.org/maven2/com/fasterxml/jackson/jaxrs/jackson-jaxrs-json-provider/2.2.2/jackson-jaxrs-json-provider-2.2.2.jar
2015-09-20 18:10:03,825 [Worker-6] INFO  o.e.m.c.i.e.AbstractTransferListenerAdapter - Downloaded http://repo.maven.apache.org/maven2/com/fasterxml/jackson/jaxrs/jackson-jaxrs-json-provider/2.2.2/jackson-jaxrs-json-provider-2.2.2.jar
2015-09-20 18:10:03,879 [Worker-6] INFO  o.e.m.c.i.e.AbstractTransferListenerAdapter - Downloading http://repo.maven.apache.org/maven2/com/fasterxml/jackson/jaxrs/jackson-jaxrs-base/2.2.2/jackson-jaxrs-base-2.2.2.jar
2015-09-20 18:10:04,081 [Worker-6] INFO  o.e.m.c.i.e.AbstractTransferListenerAdapter - Downloaded http://repo.maven.apache.org/maven2/com/fasterxml/jackson/jaxrs/jackson-jaxrs-base/2.2.2/jackson-jaxrs-base-2.2.2.jar
2015-09-20 18:10:04,136 [Worker-6] INFO  o.e.m.c.i.e.AbstractTransferListenerAdapter - Downloading http://repo.maven.apache.org/maven2/com/fasterxml/jackson/module/jackson-module-jaxb-annotations/2.2.2/jackson-module-jaxb-annotations-2.2.2.jar
2015-09-20 18:10:04,331 [Worker-6] INFO  o.e.m.c.i.e.AbstractTransferListenerAdapter - Downloaded http://repo.maven.apache.org/maven2/com/fasterxml/jackson/module/jackson-module-jaxb-annotations/2.2.2/jackson-module-jaxb-annotations-2.2.2.jar
2015-09-20 18:10:05,444 [Worker-6] WARN  o.e.m.c.i.embedder.EclipseLogger - Failed to dispatch repository event to org.eclipse.m2e.core.internal.embedder.EclipseRepositoryListener: null
2015-09-20 18:10:06,856 [Worker-6] WARN  o.e.m.c.i.embedder.EclipseLogger - Failed to dispatch repository event to org.eclipse.m2e.core.internal.embedder.EclipseRepositoryListener: null
2015-09-20 18:10:08,662 [Worker-6] INFO  o.e.m.j.i.AbstractJavaProjectConfigurator - Adding source folder /RESTFullProj/src/main/java
2015-09-20 18:10:08,669 [Worker-6] INFO  o.e.m.j.i.AbstractJavaProjectConfigurator - Adding resource folder /RESTFullProj/src/main/resources
2015-09-20 18:10:08,675 [Worker-6] INFO  o.e.m.j.i.AbstractJavaProjectConfigurator - Adding source folder /RESTFullProj/src/test/java
2015-09-20 18:10:09,679 [Worker-9] INFO  o.e.m.c.i.l.LifecycleMappingFactory - Using org.maven.ide.eclipse.wtp.WarLifecycleMapping lifecycle mapping for MavenProject: com.mtc.app:RESTFullProj:1.0-SNAPSHOT @ C:\Users\Sainath Reddy\Desktop\Java Training\code\RESTFullProject\pom.xml.
2015-09-20 18:10:13,393 [Worker-6] INFO  o.e.m.c.i.p.ProjectConfigurationManager - Imported and configured 1 project(s) in 18 sec
2015-09-20 18:10:18,896 [Worker-9] INFO  o.e.m.c.i.embedder.EclipseLogger - Using 'UTF-8' encoding to copy filtered resources.
2015-09-20 18:10:18,908 [Worker-9] INFO  o.e.m.c.i.embedder.EclipseLogger - Copying 1 resource
2015-09-20 18:10:18,965 [Worker-9] INFO  o.e.m.c.i.embedder.EclipseLogger - Using 'UTF-8' encoding to copy filtered resources.
2015-09-20 18:10:18,965 [Worker-9] INFO  o.e.m.c.i.embedder.EclipseLogger - skip non existing resourceDirectory C:\Users\Sainath Reddy\Desktop\Java Training\code\RESTFullProject\src\test\resources
2015-09-20 18:13:05,980 [Worker-11] INFO  o.e.m.c.i.embedder.EclipseLogger - Using 'UTF-8' encoding to copy filtered resources.
2015-09-20 18:13:05,984 [Worker-11] INFO  o.e.m.c.i.embedder.EclipseLogger - Copying 1 resource
2015-09-20 18:13:05,988 [Worker-11] INFO  o.e.m.c.i.embedder.EclipseLogger - Using 'UTF-8' encoding to copy filtered resources.
2015-09-20 18:13:05,988 [Worker-11] INFO  o.e.m.c.i.embedder.EclipseLogger - skip non existing resourceDirectory C:\Users\Sainath Reddy\Desktop\Java Training\code\RESTFullProject\src\test\resources
2015-09-20 18:33:29,303 [Worker-4] INFO  o.e.m.c.i.embedder.EclipseLogger - Using 'UTF-8' encoding to copy filtered resources.
2015-09-20 18:33:29,311 [Worker-4] INFO  o.e.m.c.i.embedder.EclipseLogger - Copying 1 resource
2015-09-20 18:33:29,318 [Worker-4] INFO  o.e.m.c.i.embedder.EclipseLogger - Using 'UTF-8' encoding to copy filtered resources.
2015-09-20 18:33:29,318 [Worker-4] INFO  o.e.m.c.i.embedder.EclipseLogger - skip non existing resourceDirectory C:\Users\Sainath Reddy\Desktop\Java Training\code\RESTFullProject\src\test\resources
2015-09-20 18:34:46,426 [Worker-3] INFO  o.e.m.c.i.embedder.EclipseLogger - Using 'UTF-8' encoding to copy filtered resources.
2015-09-20 18:34:46,436 [Worker-3] INFO  o.e.m.c.i.embedder.EclipseLogger - Copying 1 resource
2015-09-20 18:34:46,438 [Worker-3] INFO  o.e.m.c.i.embedder.EclipseLogger - Using 'UTF-8' encoding to copy filtered resources.
2015-09-20 18:34:46,439 [Worker-3] INFO  o.e.m.c.i.embedder.EclipseLogger - skip non existing resourceDirectory C:\Users\Sainath Reddy\Desktop\Java Training\code\RESTFullProject\src\test\resources
2015-09-20 18:41:24,858 [Worker-9] INFO  o.e.m.c.i.l.LifecycleMappingFactory - Using org.maven.ide.eclipse.wtp.WarLifecycleMapping lifecycle mapping for MavenProject: com.mtc.app:RESTFullProj:1.0-SNAPSHOT @ C:\Users\Sainath Reddy\Desktop\Java Training\code\RESTFullProject\pom.xml.
2015-09-20 18:41:30,787 [Worker-0] INFO  o.e.m.c.i.e.AbstractTransferListenerAdapter - Downloading http://repo.maven.apache.org/maven2/org/hibernate/hibernate-validator/4.3.2.Final/hibernate-validator-4.3.2.Final.pom
2015-09-20 18:41:32,818 [Worker-0] INFO  o.e.m.c.i.e.AbstractTransferListenerAdapter - Downloaded http://repo.maven.apache.org/maven2/org/hibernate/hibernate-validator/4.3.2.Final/hibernate-validator-4.3.2.Final.pom
2015-09-20 18:41:33,642 [Worker-0] INFO  o.e.m.c.i.e.AbstractTransferListenerAdapter - Downloading http://repo.maven.apache.org/maven2/org/hibernate/hibernate-validator-parent/4.3.2.Final/hibernate-validator-parent-4.3.2.Final.pom
2015-09-20 18:41:40,206 [Worker-0] INFO  o.e.m.c.i.e.AbstractTransferListenerAdapter - Downloaded http://repo.maven.apache.org/maven2/org/hibernate/hibernate-validator-parent/4.3.2.Final/hibernate-validator-parent-4.3.2.Final.pom
2015-09-20 18:41:44,284 [Worker-9] INFO  o.e.m.c.i.e.AbstractTransferListenerAdapter - Downloading http://repo.maven.apache.org/maven2/org/hibernate/hibernate-validator/4.3.2.Final/hibernate-validator-4.3.2.Final.jar
2015-09-20 18:42:06,961 [Worker-9] INFO  o.e.m.c.i.e.AbstractTransferListenerAdapter - Downloaded http://repo.maven.apache.org/maven2/org/hibernate/hibernate-validator/4.3.2.Final/hibernate-validator-4.3.2.Final.jar
2015-09-20 18:42:13,189 [Worker-9] INFO  o.e.m.c.i.embedder.EclipseLogger - Using 'UTF-8' encoding to copy filtered resources.
2015-09-20 18:42:13,193 [Worker-9] INFO  o.e.m.c.i.embedder.EclipseLogger - Copying 0 resource
2015-09-20 18:42:13,195 [Worker-9] INFO  o.e.m.c.i.embedder.EclipseLogger - Using 'UTF-8' encoding to copy filtered resources.
2015-09-20 18:42:13,195 [Worker-9] INFO  o.e.m.c.i.embedder.EclipseLogger - skip non existing resourceDirectory C:\Users\Sainath Reddy\Desktop\Java Training\code\RESTFullProject\src\test\resources
2015-09-20 18:42:13,195 [Worker-9] INFO  o.e.m.w.i.f.ResourceFilteringBuildParticipant - Changed resources require a complete clean of filtered resources of RESTFullProj
2015-09-20 18:42:13,199 [Worker-9] INFO  o.e.m.w.i.f.ResourceFilteringBuildParticipant - Executing resource filtering for RESTFullProj
2015-09-20 18:42:13,203 [Worker-9] INFO  o.e.m.c.i.embedder.EclipseLogger - Using 'UTF-8' encoding to copy filtered resources.
2015-09-20 18:42:13,210 [Worker-9] INFO  o.e.m.w.i.f.ResourceFilteringBuildParticipant - Changed resources require a complete clean of filtered resources of RESTFullProj
2015-09-20 18:42:13,210 [Worker-9] INFO  o.e.m.w.i.f.ResourceFilteringBuildParticipant - Executing resource filtering for RESTFullProj
2015-09-20 18:42:13,218 [Worker-9] INFO  o.e.m.c.i.embedder.EclipseLogger - Using 'UTF-8' encoding to copy filtered resources.
2015-09-20 18:42:18,001 [Worker-0] INFO  o.e.m.c.i.embedder.EclipseLogger - Using 'UTF-8' encoding to copy filtered resources.
2015-09-20 18:42:18,002 [Worker-0] INFO  o.e.m.c.i.embedder.EclipseLogger - Copying 1 resource
2015-09-20 18:42:18,012 [Worker-0] INFO  o.e.m.c.i.embedder.EclipseLogger - Using 'UTF-8' encoding to copy filtered resources.
2015-09-20 18:42:18,012 [Worker-0] INFO  o.e.m.c.i.embedder.EclipseLogger - skip non existing resourceDirectory C:\Users\Sainath Reddy\Desktop\Java Training\code\RESTFullProject\src\test\resources
2015-09-20 18:44:08,810 [Worker-0] INFO  o.e.m.c.i.l.LifecycleMappingFactory - Using org.maven.ide.eclipse.wtp.WarLifecycleMapping lifecycle mapping for MavenProject: com.mtc.app:RESTFullProj:1.0-SNAPSHOT @ C:\Users\Sainath Reddy\Desktop\Java Training\code\RESTFullProject\pom.xml.
2015-09-20 18:44:10,574 [Worker-0] INFO  o.e.m.c.i.embedder.EclipseLogger - Using 'UTF-8' encoding to copy filtered resources.
2015-09-20 18:44:10,574 [Worker-0] INFO  o.e.m.c.i.embedder.EclipseLogger - Copying 0 resource
2015-09-20 18:44:10,581 [Worker-0] INFO  o.e.m.c.i.embedder.EclipseLogger - Using 'UTF-8' encoding to copy filtered resources.
2015-09-20 18:44:10,581 [Worker-0] INFO  o.e.m.c.i.embedder.EclipseLogger - skip non existing resourceDirectory C:\Users\Sainath Reddy\Desktop\Java Training\code\RESTFullProject\src\test\resources
2015-09-20 18:44:10,581 [Worker-0] INFO  o.e.m.w.i.f.ResourceFilteringBuildParticipant - Changed resources require a complete clean of filtered resources of RESTFullProj
2015-09-20 18:44:10,581 [Worker-0] INFO  o.e.m.w.i.f.ResourceFilteringBuildParticipant - Executing resource filtering for RESTFullProj
2015-09-20 18:44:10,593 [Worker-0] INFO  o.e.m.c.i.embedder.EclipseLogger - Using 'UTF-8' encoding to copy filtered resources.
2015-09-20 18:44:10,603 [Worker-0] INFO  o.e.m.w.i.f.ResourceFilteringBuildParticipant - Changed resources require a complete clean of filtered resources of RESTFullProj
2015-09-20 18:44:10,603 [Worker-0] INFO  o.e.m.w.i.f.ResourceFilteringBuildParticipant - Executing resource filtering for RESTFullProj
2015-09-20 18:44:10,607 [Worker-0] INFO  o.e.m.c.i.embedder.EclipseLogger - Using 'UTF-8' encoding to copy filtered resources.
2015-09-20 18:48:56,257 [Worker-18] INFO  o.e.m.c.i.l.LifecycleMappingFactory - Using org.maven.ide.eclipse.wtp.WarLifecycleMapping lifecycle mapping for MavenProject: com.mtc.app:RESTFullProj:1.0-SNAPSHOT @ C:\Users\Sainath Reddy\Desktop\Java Training\code\RESTFullProject\pom.xml.
2015-09-20 18:48:59,699 [Worker-18] INFO  o.e.m.c.i.embedder.EclipseLogger - Using 'UTF-8' encoding to copy filtered resources.
2015-09-20 18:48:59,699 [Worker-18] INFO  o.e.m.c.i.embedder.EclipseLogger - Copying 0 resource
2015-09-20 18:48:59,701 [Worker-18] INFO  o.e.m.c.i.embedder.EclipseLogger - Using 'UTF-8' encoding to copy filtered resources.
2015-09-20 18:48:59,702 [Worker-18] INFO  o.e.m.c.i.embedder.EclipseLogger - skip non existing resourceDirectory C:\Users\Sainath Reddy\Desktop\Java Training\code\RESTFullProject\src\test\resources
2015-09-20 18:49:03,276 [Worker-9] INFO  o.e.m.c.i.embedder.EclipseLogger - Using 'UTF-8' encoding to copy filtered resources.
2015-09-20 18:49:03,277 [Worker-9] INFO  o.e.m.c.i.embedder.EclipseLogger - Copying 0 resource
2015-09-20 18:49:03,281 [Worker-9] INFO  o.e.m.c.i.embedder.EclipseLogger - Using 'UTF-8' encoding to copy filtered resources.
2015-09-20 18:49:03,291 [Worker-9] INFO  o.e.m.c.i.embedder.EclipseLogger - skip non existing resourceDirectory C:\Users\Sainath Reddy\Desktop\Java Training\code\RESTFullProject\src\test\resources
2015-09-20 18:50:58,777 [Worker-21] INFO  o.e.m.c.i.l.LifecycleMappingFactory - Using org.maven.ide.eclipse.wtp.WarLifecycleMapping lifecycle mapping for MavenProject: com.mtc.app:RESTFullProj:1.0-SNAPSHOT @ C:\Users\Sainath Reddy\Desktop\Java Training\code\RESTFullProject\pom.xml.
2015-09-20 18:51:03,001 [Worker-21] INFO  o.e.m.c.i.embedder.EclipseLogger - Using 'UTF-8' encoding to copy filtered resources.
2015-09-20 18:51:03,003 [Worker-21] INFO  o.e.m.c.i.embedder.EclipseLogger - Copying 1 resource
2015-09-20 18:51:03,009 [Worker-21] INFO  o.e.m.c.i.embedder.EclipseLogger - Using 'UTF-8' encoding to copy filtered resources.
2015-09-20 18:51:03,013 [Worker-21] INFO  o.e.m.c.i.embedder.EclipseLogger - skip non existing resourceDirectory C:\Users\Sainath Reddy\Desktop\Java Training\code\RESTFullProject\src\test\resources
2015-09-20 18:59:57,262 [Worker-9] INFO  o.e.m.c.i.embedder.EclipseLogger - Using 'UTF-8' encoding to copy filtered resources.
2015-09-20 18:59:57,274 [Worker-9] INFO  o.e.m.c.i.embedder.EclipseLogger - Copying 1 resource
2015-09-20 18:59:57,285 [Worker-9] INFO  o.e.m.c.i.embedder.EclipseLogger - Using 'UTF-8' encoding to copy filtered resources.
2015-09-20 18:59:57,285 [Worker-9] INFO  o.e.m.c.i.embedder.EclipseLogger - skip non existing resourceDirectory C:\Users\Sainath Reddy\Desktop\Java Training\code\RESTFullProject\src\test\resources
2015-09-20 19:00:15,579 [Worker-6] INFO  o.e.m.c.i.l.LifecycleMappingFactory - Using org.maven.ide.eclipse.wtp.WarLifecycleMapping lifecycle mapping for MavenProject: com.mtc.app:RestFullProject:1.0-SNAPSHOT @ C:\Users\Sainath Reddy\Desktop\RestFullProject\pom.xml.
2015-09-20 19:00:16,961 [Worker-6] INFO  o.e.m.j.i.AbstractJavaProjectConfigurator - Adding source folder /RestFullProject/src/main/java
2015-09-20 19:00:16,964 [Worker-6] INFO  o.e.m.j.i.AbstractJavaProjectConfigurator - Adding resource folder /RestFullProject/src/main/resources
2015-09-20 19:00:16,982 [Worker-6] INFO  o.e.m.j.i.AbstractJavaProjectConfigurator - Adding source folder /RestFullProject/src/test/java
2015-09-20 19:00:17,250 [Worker-8] INFO  o.e.m.c.i.l.LifecycleMappingFactory - Using org.maven.ide.eclipse.wtp.WarLifecycleMapping lifecycle mapping for MavenProject: com.mtc.app:RestFullProject:1.0-SNAPSHOT @ C:\Users\Sainath Reddy\Desktop\RestFullProject\pom.xml.
2015-09-20 19:00:21,874 [Worker-6] INFO  o.e.m.c.i.p.ProjectConfigurationManager - Imported and configured 1 project(s) in 8 sec
2015-09-20 19:00:23,325 [Worker-6] INFO  o.e.m.c.i.l.LifecycleMappingFactory - Using org.maven.ide.eclipse.wtp.WarLifecycleMapping lifecycle mapping for MavenProject: com.mtc.app:RestFullProject:1.0-SNAPSHOT @ C:\Users\Sainath Reddy\Desktop\RestFullProject\pom.xml.
2015-09-20 19:00:23,891 [Worker-6] INFO  o.e.m.c.i.embedder.EclipseLogger - Using 'UTF-8' encoding to copy filtered resources.
2015-09-20 19:00:23,892 [Worker-6] INFO  o.e.m.c.i.embedder.EclipseLogger - Copying 0 resource
2015-09-20 19:00:23,893 [Worker-6] INFO  o.e.m.c.i.embedder.EclipseLogger - Using 'UTF-8' encoding to copy filtered resources.
2015-09-20 19:00:23,893 [Worker-6] INFO  o.e.m.c.i.embedder.EclipseLogger - skip non existing resourceDirectory C:\Users\Sainath Reddy\Desktop\RestFullProject\src\test\resources
2015-09-20 19:00:49,330 [Worker-5] INFO  o.e.m.c.i.embedder.EclipseLogger - Using 'UTF-8' encoding to copy filtered resources.
2015-09-20 19:00:49,336 [Worker-5] INFO  o.e.m.c.i.embedder.EclipseLogger - Copying 0 resource
2015-09-20 19:00:49,337 [Worker-5] INFO  o.e.m.c.i.embedder.EclipseLogger - Using 'UTF-8' encoding to copy filtered resources.
2015-09-20 19:00:49,337 [Worker-5] INFO  o.e.m.c.i.embedder.EclipseLogger - skip non existing resourceDirectory C:\Users\Sainath Reddy\Desktop\RestFullProject\src\test\resources
2015-09-20 19:01:21,262 [Worker-9] INFO  o.e.m.c.i.l.LifecycleMappingFactory - Using org.maven.ide.eclipse.wtp.WarLifecycleMapping lifecycle mapping for MavenProject: com.mtc.app:RestFullProject:1.0-SNAPSHOT @ C:\Users\Sainath Reddy\Desktop\RestFullProject\pom.xml.
2015-09-20 19:01:21,665 [Worker-9] INFO  o.e.m.c.i.embedder.EclipseLogger - Using 'UTF-8' encoding to copy filtered resources.
2015-09-20 19:01:21,673 [Worker-9] INFO  o.e.m.c.i.embedder.EclipseLogger - Copying 0 resource
2015-09-20 19:01:21,678 [Worker-9] INFO  o.e.m.c.i.embedder.EclipseLogger - Using 'UTF-8' encoding to copy filtered resources.
2015-09-20 19:01:21,678 [Worker-9] INFO  o.e.m.c.i.embedder.EclipseLogger - skip non existing resourceDirectory C:\Users\Sainath Reddy\Desktop\RestFullProject\src\test\resources
2015-09-20 19:02:57,764 [Worker-8] INFO  o.e.m.c.i.l.LifecycleMappingFactory - Using org.maven.ide.eclipse.wtp.WarLifecycleMapping lifecycle mapping for MavenProject: com.mtc.app:RestFullProject:1.0-SNAPSHOT @ C:\Users\Sainath Reddy\Desktop\RestFullProject\pom.xml.
2015-09-20 19:02:58,281 [Worker-8] INFO  o.e.m.c.i.embedder.EclipseLogger - Using 'UTF-8' encoding to copy filtered resources.
2015-09-20 19:02:58,281 [Worker-8] INFO  o.e.m.c.i.embedder.EclipseLogger - Copying 0 resource
2015-09-20 19:02:58,283 [Worker-8] INFO  o.e.m.c.i.embedder.EclipseLogger - Using 'UTF-8' encoding to copy filtered resources.
2015-09-20 19:02:58,287 [Worker-8] INFO  o.e.m.c.i.embedder.EclipseLogger - skip non existing resourceDirectory C:\Users\Sainath Reddy\Desktop\RestFullProject\src\test\resources
2015-09-20 19:02:58,290 [Worker-8] INFO  o.e.m.w.i.f.ResourceFilteringBuildParticipant - Changed resources require a complete clean of filtered resources of RestFullProject
2015-09-20 19:02:58,294 [Worker-8] INFO  o.e.m.w.i.f.ResourceFilteringBuildParticipant - Executing resource filtering for RestFullProject
2015-09-20 19:02:58,305 [Worker-8] INFO  o.e.m.c.i.embedder.EclipseLogger - Using 'UTF-8' encoding to copy filtered resources.
2015-09-20 19:02:58,316 [Worker-8] INFO  o.e.m.w.i.f.ResourceFilteringBuildParticipant - Changed resources require a complete clean of filtered resources of RestFullProject
2015-09-20 19:02:58,316 [Worker-8] INFO  o.e.m.w.i.f.ResourceFilteringBuildParticipant - Executing resource filtering for RestFullProject
2015-09-20 19:02:58,320 [Worker-8] INFO  o.e.m.c.i.embedder.EclipseLogger - Using 'UTF-8' encoding to copy filtered resources.
2015-09-20 19:16:40,699 [Worker-2] INFO  o.e.m.w.i.f.ResourceFilteringBuildParticipant - Cleaning filtered folder for RESTFullProj
2015-09-20 19:16:41,221 [Worker-2] INFO  o.e.m.c.i.embedder.EclipseLogger - Using 'UTF-8' encoding to copy filtered resources.
2015-09-20 19:16:41,222 [Worker-2] INFO  o.e.m.c.i.embedder.EclipseLogger - Copying 1 resource
2015-09-20 19:16:41,230 [Worker-2] INFO  o.e.m.c.i.embedder.EclipseLogger - Using 'UTF-8' encoding to copy filtered resources.
2015-09-20 19:16:41,230 [Worker-2] INFO  o.e.m.c.i.embedder.EclipseLogger - skip non existing resourceDirectory C:\Users\Sainath Reddy\Desktop\Java Training\code\RESTFullProject\src\test\resources
2015-09-20 19:26:28,992 [Worker-8] INFO  o.e.m.c.i.l.LifecycleMappingFactory - Using org.maven.ide.eclipse.wtp.WarLifecycleMapping lifecycle mapping for MavenProject: com.mtc.app:RESTFullProj:1.0-SNAPSHOT @ C:\Users\Sainath Reddy\Desktop\Java Training\code\RESTFullProject\pom.xml.
2015-09-20 19:26:32,345 [Worker-8] INFO  o.e.m.c.i.embedder.EclipseLogger - Using 'UTF-8' encoding to copy filtered resources.
2015-09-20 19:26:32,350 [Worker-8] INFO  o.e.m.c.i.embedder.EclipseLogger - Copying 0 resource
2015-09-20 19:26:32,356 [Worker-8] INFO  o.e.m.c.i.embedder.EclipseLogger - Using 'UTF-8' encoding to copy filtered resources.
2015-09-20 19:26:32,360 [Worker-8] INFO  o.e.m.c.i.embedder.EclipseLogger - skip non existing resourceDirectory C:\Users\Sainath Reddy\Desktop\Java Training\code\RESTFullProject\src\test\resources
2015-09-20 19:26:32,360 [Worker-8] INFO  o.e.m.w.i.f.ResourceFilteringBuildParticipant - Changed resources require a complete clean of filtered resources of RESTFullProj
2015-09-20 19:26:32,360 [Worker-8] INFO  o.e.m.w.i.f.ResourceFilteringBuildParticipant - Executing resource filtering for RESTFullProj
2015-09-20 19:26:32,372 [Worker-8] INFO  o.e.m.c.i.embedder.EclipseLogger - Using 'UTF-8' encoding to copy filtered resources.
2015-09-20 19:26:32,386 [Worker-8] INFO  o.e.m.w.i.f.ResourceFilteringBuildParticipant - Changed resources require a complete clean of filtered resources of RESTFullProj
2015-09-20 19:26:32,386 [Worker-8] INFO  o.e.m.w.i.f.ResourceFilteringBuildParticipant - Executing resource filtering for RESTFullProj
2015-09-20 19:26:32,389 [Worker-8] INFO  o.e.m.c.i.embedder.EclipseLogger - Using 'UTF-8' encoding to copy filtered resources.
2015-09-20 19:26:37,033 [Worker-20] INFO  o.e.m.c.i.embedder.EclipseLogger - Using 'UTF-8' encoding to copy filtered resources.
2015-09-20 19:26:37,034 [Worker-20] INFO  o.e.m.c.i.embedder.EclipseLogger - Copying 1 resource
2015-09-20 19:26:37,038 [Worker-20] INFO  o.e.m.c.i.embedder.EclipseLogger - Using 'UTF-8' encoding to copy filtered resources.
2015-09-20 19:26:37,038 [Worker-20] INFO  o.e.m.c.i.embedder.EclipseLogger - skip non existing resourceDirectory C:\Users\Sainath Reddy\Desktop\Java Training\code\RESTFullProject\src\test\resources
2015-09-20 19:29:55,973 [Worker-24] INFO  o.e.m.c.i.l.LifecycleMappingFactory - Using org.maven.ide.eclipse.wtp.WarLifecycleMapping lifecycle mapping for MavenProject: com.mtc.app:RESTFullProj:1.0-SNAPSHOT @ C:\Users\Sainath Reddy\Desktop\Java Training\code\RESTFullProject\pom.xml.
2015-09-20 19:29:56,801 [Worker-24] INFO  o.e.m.c.i.embedder.EclipseLogger - Using 'UTF-8' encoding to copy filtered resources.
2015-09-20 19:29:56,802 [Worker-24] INFO  o.e.m.c.i.embedder.EclipseLogger - Copying 1 resource
2015-09-20 19:29:56,809 [Worker-24] INFO  o.e.m.c.i.embedder.EclipseLogger - Using 'UTF-8' encoding to copy filtered resources.
2015-09-20 19:29:56,813 [Worker-24] INFO  o.e.m.c.i.embedder.EclipseLogger - skip non existing resourceDirectory C:\Users\Sainath Reddy\Desktop\Java Training\code\RESTFullProject\src\test\resources
2015-09-20 19:31:18,128 [Worker-24] INFO  o.e.m.c.i.embedder.EclipseLogger - Using 'UTF-8' encoding to copy filtered resources.
2015-09-20 19:31:18,129 [Worker-24] INFO  o.e.m.c.i.embedder.EclipseLogger - Copying 0 resource
2015-09-20 19:31:18,130 [Worker-24] INFO  o.e.m.c.i.embedder.EclipseLogger - Using 'UTF-8' encoding to copy filtered resources.
2015-09-20 19:31:18,130 [Worker-24] INFO  o.e.m.c.i.embedder.EclipseLogger - skip non existing resourceDirectory C:\Users\Sainath Reddy\Desktop\Java Training\code\RESTFullProject\src\test\resources
